<?xml version="1.0" encoding="UTF-8"?>
<!-- Generated by org.testng.reporters.JUnitReportReporter -->
<testsuite hostname="Dell-PC" failures="0" tests="2" name="TestCases.CreateIncident" time="130.227" errors="0" timestamp="2021-05-19T11:05:43 IST" skipped="0">
  <testcase classname="TestCases.CreateIncident" name="updateIncident" time="58.197"/>
  <system-out/>
  <testcase classname="TestCases.CreateIncident" name="createIncident" time="72.030"/>
  <system-out/>
</testsuite> <!-- TestCases.CreateIncident -->
