<?xml version="1.0" encoding="UTF-8"?>
<!-- Generated by org.testng.reporters.JUnitReportReporter -->
<testsuite hostname="Dell-PC" failures="0" tests="1" name="TestCases.LoginTestCase" time="97.495" errors="0" timestamp="2021-05-18T23:15:59 IST" skipped="0">
  <testcase classname="TestCases.LoginTestCase" name="CreateInstance" time="97.495"/>
  <system-out/>
</testsuite> <!-- TestCases.LoginTestCase -->
