<?xml version="1.0" encoding="UTF-8"?>
<!-- Generated by org.testng.reporters.JUnitReportReporter -->
<testsuite hostname="Dell-PC" failures="0" tests="1" name="TestCases.AcknowedgementSelection" time="24.804" errors="0" timestamp="2021-01-29T18:44:25 IST" skipped="0">
  <testcase classname="TestCases.AcknowedgementSelection" name="ConfirmationMessageForFraud" time="24.804"/>
  <system-out/>
</testsuite> <!-- TestCases.AcknowedgementSelection -->
